0 info it worked if it ends with ok
1 verbose cli [ 'C:\\Program Files\\iojs\\node.exe',
1 verbose cli   'C:\\Program Files\\iojs\\node_modules\\npm\\bin\\npm-cli.js',
1 verbose cli   'install',
1 verbose cli   'https://github.com/YuuKohaku/sound-conjunct.git' ]
2 info using npm@2.10.1
3 info using node@v2.1.0
4 verbose install initial load of C:\Users\Vergil\Documents\GitHub\sound-conjunct\package.json
5 verbose installManyTop reading scoped package data from C:\Users\Vergil\Documents\GitHub\sound-conjunct\node_modules\bluebird\package.json
6 verbose installManyTop reading scoped package data from C:\Users\Vergil\Documents\GitHub\sound-conjunct\node_modules\sox.js\package.json
7 info package.json sox.js@1.0.3 license should be a valid SPDX license expression
8 verbose readDependencies loading dependencies from C:\Users\Vergil\Documents\GitHub\sound-conjunct\package.json
9 silly cache add args [ 'https://github.com/YuuKohaku/sound-conjunct.git', null ]
10 verbose cache add spec https://github.com/YuuKohaku/sound-conjunct.git
11 silly cache add parsed spec { raw: 'https://github.com/YuuKohaku/sound-conjunct.git',
11 silly cache add   scope: null,
11 silly cache add   name: null,
11 silly cache add   rawSpec: 'https://github.com/YuuKohaku/sound-conjunct.git',
11 silly cache add   spec: 'git+https://github.com/YuuKohaku/sound-conjunct.git',
11 silly cache add   type: 'hosted',
11 silly cache add   hosted:
11 silly cache add    { type: 'github',
11 silly cache add      ssh: 'git@github.com:YuuKohaku/sound-conjunct.git',
11 silly cache add      sshUrl: 'git+ssh://git@github.com/YuuKohaku/sound-conjunct.git',
11 silly cache add      httpsUrl: 'git+https://github.com/YuuKohaku/sound-conjunct.git',
11 silly cache add      gitUrl: 'git://github.com/YuuKohaku/sound-conjunct.git',
11 silly cache add      shortcut: 'github:YuuKohaku/sound-conjunct',
11 silly cache add      directUrl: 'https://raw.githubusercontent.com/YuuKohaku/sound-conjunct/master/package.json' } }
12 verbose addRemoteGit caching https://github.com/YuuKohaku/sound-conjunct.git
13 verbose addRemoteGit git+https://github.com/YuuKohaku/sound-conjunct.git is a repository hosted by github
14 silly tryClone cloning git+https://github.com/YuuKohaku/sound-conjunct.git via git+https://github.com/YuuKohaku/sound-conjunct.git
15 verbose tryClone https-github-com-YuuKohaku-sound-conjunct-git-17741f1d not in flight; caching
16 info git [ 'clone',
16 info git   '--template=C:\\Users\\Vergil\\AppData\\Roaming\\npm-cache\\_git-remotes\\_templates',
16 info git   '--mirror',
16 info git   'https://github.com/YuuKohaku/sound-conjunct.git',
16 info git   'C:\\Users\\Vergil\\AppData\\Roaming\\npm-cache\\_git-remotes\\https-github-com-YuuKohaku-sound-conjunct-git-17741f1d' ]
17 verbose mirrorRemote git+https://github.com/YuuKohaku/sound-conjunct.git git clone https://github.com/YuuKohaku/sound-conjunct.git
18 verbose setPermissions git+https://github.com/YuuKohaku/sound-conjunct.git skipping chownr on Windows
19 verbose resolveHead git+https://github.com/YuuKohaku/sound-conjunct.git original treeish: master
20 info git [ 'rev-list', '-n1', 'master' ]
21 silly resolveHead git+https://github.com/YuuKohaku/sound-conjunct.git resolved treeish: 625e1c926ea463784724cd66d0bfda9763641751
22 verbose resolveHead git+https://github.com/YuuKohaku/sound-conjunct.git resolved Git URL: git+https://github.com/YuuKohaku/sound-conjunct.git#625e1c926ea463784724cd66d0bfda9763641751
23 silly resolveHead Git working directory: C:\Users\Vergil\AppData\Local\Temp\npm-4676-7df90707\git-cache-1a0835f2c147\625e1c926ea463784724cd66d0bfda9763641751
24 info git [ 'clone',
24 info git   'C:\\Users\\Vergil\\AppData\\Roaming\\npm-cache\\_git-remotes\\https-github-com-YuuKohaku-sound-conjunct-git-17741f1d',
24 info git   'C:\\Users\\Vergil\\AppData\\Local\\Temp\\npm-4676-7df90707\\git-cache-1a0835f2c147\\625e1c926ea463784724cd66d0bfda9763641751' ]
25 verbose cloneResolved git+https://github.com/YuuKohaku/sound-conjunct.git clone Cloning into 'C:\Users\Vergil\AppData\Local\Temp\npm-4676-7df90707\git-cache-1a0835f2c147\625e1c926ea463784724cd66d0bfda9763641751'...
25 verbose cloneResolved done.
26 info git [ 'checkout', '625e1c926ea463784724cd66d0bfda9763641751' ]
27 verbose checkoutTreeish git+https://github.com/YuuKohaku/sound-conjunct.git checkout Note: checking out '625e1c926ea463784724cd66d0bfda9763641751'.
27 verbose checkoutTreeish
27 verbose checkoutTreeish You are in 'detached HEAD' state. You can look around, make experimental
27 verbose checkoutTreeish changes and commit them, and you can discard any commits you make in this
27 verbose checkoutTreeish state without impacting any branches by performing another checkout.
27 verbose checkoutTreeish
27 verbose checkoutTreeish If you want to create a new branch to retain commits you create, you may
27 verbose checkoutTreeish do so (now or later) by using -b with the checkout command again. Example:
27 verbose checkoutTreeish
27 verbose checkoutTreeish   git checkout -b new_branch_name
27 verbose checkoutTreeish
27 verbose checkoutTreeish HEAD is now at 625e1c9... Initial commit
28 error addLocal Could not install C:\Users\Vergil\AppData\Local\Temp\npm-4676-7df90707\git-cache-1a0835f2c147\625e1c926ea463784724cd66d0bfda9763641751
29 verbose stack Error: EISDIR: illegal operation on a directory, read
29 verbose stack     at Error (native)
30 verbose cwd C:\Users\Vergil\Documents\GitHub\sound-conjunct\samples
31 error Windows_NT 6.3.9600
32 error argv "C:\\Program Files\\iojs\\node.exe" "C:\\Program Files\\iojs\\node_modules\\npm\\bin\\npm-cli.js" "install" "https://github.com/YuuKohaku/sound-conjunct.git"
33 error node v2.1.0
34 error npm  v2.10.1
35 error code EISDIR
36 error errno -4068
37 error syscall read
38 error EISDIR: illegal operation on a directory, read
39 error If you need help, you may report this error at:
39 error     <https://github.com/npm/npm/issues>
40 verbose exit [ -4068, true ]
